Started at Wed Mar 02 11:36:02 UTC 2022
Processing buildjavajob
Offering buildjavajob to Project Build Discarder
Processing c-project
Offering c-project to Project Build Discarder
Processing c-project1build
Offering c-project1build to Project Build Discarder
Processing c-webhookslave
Offering c-webhookslave to Project Build Discarder
Processing deployjavaproject
Offering deployjavaproject to Project Build Discarder
Processing java-project
Offering java-project to Project Build Discarder
Processing java-project1build
Offering java-project1build to Project Build Discarder
Processing java-webhookslave
Offering java-webhookslave to Project Build Discarder
Processing testjavaproject
Offering testjavaproject to Project Build Discarder
Finished at Wed Mar 02 11:36:02 UTC 2022. 3ms
